2026-02-17 23:26:50,190 - main - INFO - Starting Credit Eligibility Tool - Phase 1
2026-02-17 23:26:50,244 - src.database.db_manager - INFO - Connected to Database
2026-02-17 23:26:50,247 - src.database.db_manager - INFO - Table 'scoring_logs' checked/created.
2026-02-17 23:26:50,343 - src.generators.profile_generator - INFO - Generating 10 profiles...
2026-02-17 23:26:50,348 - src.generators.profile_generator - INFO - Profiles saved to data/profiles_batch_1.csv
2026-02-17 23:26:50,348 - main - INFO - Starting scraping process...
2026-02-17 23:26:51,332 - main - INFO - Processing profile 6b4ac7dc-86d8-4755-8b95-b907ac8c49b1...
2026-02-17 23:26:51,334 - src.scrapers.zitouna_scraper - INFO - Navigating to https://www.banquezitouna.com/fr/particuliers/simulateur
2026-02-17 23:26:57,391 - src.scrapers.zitouna_scraper - INFO - Filling form for Zitouna (Financement Véhicule)...
2026-02-17 23:27:00,570 - src.scrapers.zitouna_scraper - INFO - Form filled successfully.
2026-02-17 23:27:00,570 - src.scrapers.zitouna_scraper - INFO - Clicking Simuler...
2026-02-17 23:27:00,581 - src.scrapers.zitouna_scraper - INFO - Dumped page content to data/debug_page.html
2026-02-17 23:27:10,789 - src.scrapers.zitouna_scraper - WARNING - Submit click or wait failed: Page.wait_for_selector: Timeout 10000ms exceeded.
Call log:
  - waiting for locator(".simulator-result, #simulatorResult1, #simulatorResult2") to be visible
    24 × locator resolved to 3 elements. Proceeding with the first one: <div id="simulatorResult1" class="row simulator-result">…</div>

2026-02-17 23:27:10,789 - src.scrapers.zitouna_scraper - INFO - Extracting results...
2026-02-17 23:27:10,808 - main - INFO - Processing profile a3ecc093-9f3c-45b2-90cc-9ec8110f1eac...
2026-02-17 23:27:10,808 - src.scrapers.zitouna_scraper - INFO - Navigating to https://www.banquezitouna.com/fr/particuliers/simulateur
2026-02-17 23:27:15,484 - src.scrapers.zitouna_scraper - INFO - Filling form for Zitouna (Financement Véhicule)...
2026-02-17 23:27:18,621 - src.scrapers.zitouna_scraper - INFO - Form filled successfully.
2026-02-17 23:27:18,621 - src.scrapers.zitouna_scraper - INFO - Clicking Simuler...
2026-02-17 23:27:18,632 - src.scrapers.zitouna_scraper - INFO - Dumped page content to data/debug_page.html
2026-02-17 23:27:25,685 - src.scrapers.zitouna_scraper - INFO - Extracting results...
2026-02-17 23:27:25,701 - main - INFO - Processing profile 7e09d346-f6f5-49e5-866e-17e2cbc40841...
2026-02-17 23:27:25,702 - src.scrapers.zitouna_scraper - INFO - Navigating to https://www.banquezitouna.com/fr/particuliers/simulateur
2026-02-17 23:27:30,037 - src.scrapers.zitouna_scraper - INFO - Filling form for Zitouna (Financement Véhicule)...
2026-02-17 23:27:33,188 - src.scrapers.zitouna_scraper - INFO - Form filled successfully.
2026-02-17 23:27:33,188 - src.scrapers.zitouna_scraper - INFO - Clicking Simuler...
2026-02-17 23:27:33,198 - src.scrapers.zitouna_scraper - INFO - Dumped page content to data/debug_page.html
2026-02-17 23:27:37,709 - src.scrapers.zitouna_scraper - INFO - Extracting results...
2026-02-17 23:27:37,723 - main - INFO - Processing profile edf76d56-b403-4b2b-84c4-6ffad805ee81...
2026-02-17 23:27:37,723 - src.scrapers.zitouna_scraper - INFO - Navigating to https://www.banquezitouna.com/fr/particuliers/simulateur
2026-02-17 23:27:42,695 - src.scrapers.zitouna_scraper - INFO - Filling form for Zitouna (Financement Véhicule)...
2026-02-17 23:27:45,838 - src.scrapers.zitouna_scraper - INFO - Form filled successfully.
2026-02-17 23:27:45,838 - src.scrapers.zitouna_scraper - INFO - Clicking Simuler...
2026-02-17 23:27:45,853 - src.scrapers.zitouna_scraper - INFO - Dumped page content to data/debug_page.html
2026-02-17 23:27:50,434 - src.scrapers.zitouna_scraper - INFO - Extracting results...
2026-02-17 23:27:50,448 - main - INFO - Processing profile 8313ac22-330e-4f00-8eb4-c68c02576e5c...
2026-02-17 23:27:50,448 - src.scrapers.zitouna_scraper - INFO - Navigating to https://www.banquezitouna.com/fr/particuliers/simulateur
2026-02-17 23:27:55,301 - src.scrapers.zitouna_scraper - INFO - Filling form for Zitouna (Financement Véhicule)...
2026-02-17 23:27:58,422 - src.scrapers.zitouna_scraper - INFO - Form filled successfully.
2026-02-17 23:27:58,422 - src.scrapers.zitouna_scraper - INFO - Clicking Simuler...
2026-02-17 23:27:58,435 - src.scrapers.zitouna_scraper - INFO - Dumped page content to data/debug_page.html
2026-02-17 23:28:03,961 - src.scrapers.zitouna_scraper - INFO - Extracting results...
2026-02-17 23:28:03,975 - main - INFO - Processing profile 239d8961-10b3-4962-8e74-45f8e190f169...
2026-02-17 23:28:03,975 - src.scrapers.zitouna_scraper - INFO - Navigating to https://www.banquezitouna.com/fr/particuliers/simulateur
2026-02-17 23:28:08,322 - src.scrapers.zitouna_scraper - INFO - Filling form for Zitouna (Financement Véhicule)...
2026-02-17 23:28:11,455 - src.scrapers.zitouna_scraper - INFO - Form filled successfully.
2026-02-17 23:28:11,455 - src.scrapers.zitouna_scraper - INFO - Clicking Simuler...
2026-02-17 23:28:11,465 - src.scrapers.zitouna_scraper - INFO - Dumped page content to data/debug_page.html
2026-02-17 23:28:17,005 - src.scrapers.zitouna_scraper - INFO - Extracting results...
2026-02-17 23:28:17,032 - main - INFO - Processing profile 80ea67c7-eb28-4df9-8349-ea78ff61e265...
2026-02-17 23:28:17,032 - src.scrapers.zitouna_scraper - INFO - Navigating to https://www.banquezitouna.com/fr/particuliers/simulateur
2026-02-17 23:28:20,657 - src.scrapers.zitouna_scraper - INFO - Filling form for Zitouna (Financement Véhicule)...
2026-02-17 23:28:23,838 - src.scrapers.zitouna_scraper - INFO - Form filled successfully.
2026-02-17 23:28:23,838 - src.scrapers.zitouna_scraper - INFO - Clicking Simuler...
2026-02-17 23:28:23,848 - src.scrapers.zitouna_scraper - INFO - Dumped page content to data/debug_page.html
2026-02-17 23:28:28,858 - src.scrapers.zitouna_scraper - INFO - Extracting results...
2026-02-17 23:28:28,873 - main - INFO - Processing profile c710aeb0-220a-4908-af39-6cc1f2624ff0...
2026-02-17 23:28:28,873 - src.scrapers.zitouna_scraper - INFO - Navigating to https://www.banquezitouna.com/fr/particuliers/simulateur
2026-02-17 23:28:32,659 - src.scrapers.zitouna_scraper - INFO - Filling form for Zitouna (Financement Véhicule)...
2026-02-17 23:28:35,948 - src.scrapers.zitouna_scraper - INFO - Form filled successfully.
2026-02-17 23:28:35,948 - src.scrapers.zitouna_scraper - INFO - Clicking Simuler...
2026-02-17 23:28:35,960 - src.scrapers.zitouna_scraper - INFO - Dumped page content to data/debug_page.html
2026-02-17 23:28:41,019 - src.scrapers.zitouna_scraper - INFO - Extracting results...
2026-02-17 23:28:41,038 - main - INFO - Processing profile e9e8d81b-08c3-4312-a056-6da14cf99cde...
2026-02-17 23:28:41,038 - src.scrapers.zitouna_scraper - INFO - Navigating to https://www.banquezitouna.com/fr/particuliers/simulateur
2026-02-17 23:28:44,599 - src.scrapers.zitouna_scraper - INFO - Filling form for Zitouna (Financement Véhicule)...
2026-02-17 23:28:47,722 - src.scrapers.zitouna_scraper - INFO - Form filled successfully.
2026-02-17 23:28:47,722 - src.scrapers.zitouna_scraper - INFO - Clicking Simuler...
2026-02-17 23:28:47,732 - src.scrapers.zitouna_scraper - INFO - Dumped page content to data/debug_page.html
2026-02-17 23:28:54,785 - src.scrapers.zitouna_scraper - INFO - Extracting results...
2026-02-17 23:28:54,801 - main - INFO - Processing profile 966f4372-637a-4c44-a5db-00b81934b17e...
2026-02-17 23:28:54,801 - src.scrapers.zitouna_scraper - INFO - Navigating to https://www.banquezitouna.com/fr/particuliers/simulateur
2026-02-17 23:28:58,527 - src.scrapers.zitouna_scraper - INFO - Filling form for Zitouna (Financement Véhicule)...
2026-02-17 23:29:01,654 - src.scrapers.zitouna_scraper - INFO - Form filled successfully.
2026-02-17 23:29:01,654 - src.scrapers.zitouna_scraper - INFO - Clicking Simuler...
2026-02-17 23:29:01,665 - src.scrapers.zitouna_scraper - INFO - Dumped page content to data/debug_page.html
2026-02-17 23:29:06,704 - src.scrapers.zitouna_scraper - INFO - Extracting results...
2026-02-17 23:29:07,205 - src.database.db_manager - INFO - Database connection closed.
2026-02-17 23:29:07,233 - main - INFO - ========================================
2026-02-17 23:29:07,233 - main - INFO - Execution Completed.
2026-02-17 23:29:07,234 - main - INFO - Total Profiles Generated: 10
2026-02-17 23:29:07,234 - main - INFO - Processed: 10
2026-02-17 23:29:07,234 - main - INFO - Successful Logged: 10
2026-02-17 23:29:07,234 - main - INFO - Errors/Skipped: 0
2026-02-17 23:29:07,234 - main - INFO - ========================================
