2026-02-17 23:28:13,262 - main - INFO - Starting Credit Eligibility Tool - Phase 1
2026-02-17 23:28:13,304 - src.database.db_manager - INFO - Connected to Database
2026-02-17 23:28:13,307 - src.database.db_manager - INFO - Table 'scoring_logs' checked/created.
2026-02-17 23:28:13,424 - src.generators.profile_generator - INFO - Generating 10 profiles...
2026-02-17 23:28:13,432 - src.generators.profile_generator - INFO - Profiles saved to data/profiles_batch_1.csv
2026-02-17 23:28:13,433 - main - INFO - Starting scraping process...
2026-02-17 23:28:14,603 - main - INFO - Processing profile fe823418-4e6e-4c58-9e8a-4c1dafd20f1b...
2026-02-17 23:28:14,605 - src.scrapers.zitouna_scraper - INFO - Navigating to https://www.banquezitouna.com/fr/particuliers/simulateur
2026-02-17 23:28:20,238 - src.scrapers.zitouna_scraper - INFO - Filling form for Zitouna (Financement Véhicule)...
2026-02-17 23:28:23,443 - src.scrapers.zitouna_scraper - INFO - Form filled successfully.
2026-02-17 23:28:23,443 - src.scrapers.zitouna_scraper - INFO - Submitting form via Enter key...
2026-02-17 23:28:33,482 - src.scrapers.zitouna_scraper - WARNING - Submit (Enter) or wait failed: Page.wait_for_selector: Timeout 10000ms exceeded.
Call log:
  - waiting for locator(".simulator-result, #simulatorResult1, #simulatorResult2") to be visible
    24 × locator resolved to 3 elements. Proceeding with the first one: <div id="simulatorResult1" class="row simulator-result">…</div>

2026-02-17 23:28:35,494 - src.scrapers.zitouna_scraper - INFO - Extracting results...
2026-02-17 23:28:35,517 - main - INFO - Processing profile a5c9fc33-722f-4384-9165-c136a02783b5...
2026-02-17 23:28:35,518 - src.scrapers.zitouna_scraper - INFO - Navigating to https://www.banquezitouna.com/fr/particuliers/simulateur
2026-02-17 23:28:40,800 - src.scrapers.zitouna_scraper - INFO - Filling form for Zitouna (Financement Véhicule)...
2026-02-17 23:28:43,964 - src.scrapers.zitouna_scraper - INFO - Form filled successfully.
2026-02-17 23:28:43,964 - src.scrapers.zitouna_scraper - INFO - Submitting form via Enter key...
2026-02-17 23:28:53,986 - src.scrapers.zitouna_scraper - WARNING - Submit (Enter) or wait failed: Page.wait_for_selector: Timeout 10000ms exceeded.
Call log:
  - waiting for locator(".simulator-result, #simulatorResult1, #simulatorResult2") to be visible
    24 × locator resolved to 3 elements. Proceeding with the first one: <div id="simulatorResult1" class="row simulator-result">…</div>

2026-02-17 23:28:55,994 - src.scrapers.zitouna_scraper - INFO - Extracting results...
2026-02-17 23:28:56,012 - main - INFO - Processing profile 1c732332-2322-492b-83b3-e322d5b694fc...
2026-02-17 23:28:56,012 - src.scrapers.zitouna_scraper - INFO - Navigating to https://www.banquezitouna.com/fr/particuliers/simulateur
2026-02-17 23:28:58,745 - src.scrapers.zitouna_scraper - INFO - Filling form for Zitouna (Financement Véhicule)...
2026-02-17 23:29:01,895 - src.scrapers.zitouna_scraper - INFO - Form filled successfully.
2026-02-17 23:29:01,895 - src.scrapers.zitouna_scraper - INFO - Submitting form via Enter key...
2026-02-17 23:29:11,924 - src.scrapers.zitouna_scraper - WARNING - Submit (Enter) or wait failed: Page.wait_for_selector: Timeout 10000ms exceeded.
Call log:
  - waiting for locator(".simulator-result, #simulatorResult1, #simulatorResult2") to be visible
    24 × locator resolved to 3 elements. Proceeding with the first one: <div id="simulatorResult1" class="row simulator-result">…</div>

2026-02-17 23:29:13,927 - src.scrapers.zitouna_scraper - INFO - Extracting results...
2026-02-17 23:29:13,944 - main - INFO - Processing profile f4abcb18-3e12-4bf5-b57e-9031be78280a...
2026-02-17 23:29:13,944 - src.scrapers.zitouna_scraper - INFO - Navigating to https://www.banquezitouna.com/fr/particuliers/simulateur
2026-02-17 23:29:18,015 - src.scrapers.zitouna_scraper - INFO - Filling form for Zitouna (Financement Véhicule)...
2026-02-17 23:29:21,161 - src.scrapers.zitouna_scraper - INFO - Form filled successfully.
2026-02-17 23:29:21,161 - src.scrapers.zitouna_scraper - INFO - Submitting form via Enter key...
2026-02-17 23:29:31,183 - src.scrapers.zitouna_scraper - WARNING - Submit (Enter) or wait failed: Page.wait_for_selector: Timeout 10000ms exceeded.
Call log:
  - waiting for locator(".simulator-result, #simulatorResult1, #simulatorResult2") to be visible
    24 × locator resolved to 3 elements. Proceeding with the first one: <div id="simulatorResult1" class="row simulator-result">…</div>

2026-02-17 23:29:33,191 - src.scrapers.zitouna_scraper - INFO - Extracting results...
2026-02-17 23:29:33,205 - main - INFO - Processing profile 182d5cc0-d819-4414-8ae9-3f9a08f467df...
2026-02-17 23:29:33,205 - src.scrapers.zitouna_scraper - INFO - Navigating to https://www.banquezitouna.com/fr/particuliers/simulateur
2026-02-17 23:29:38,302 - src.scrapers.zitouna_scraper - INFO - Filling form for Zitouna (Financement Véhicule)...
2026-02-17 23:29:41,431 - src.scrapers.zitouna_scraper - INFO - Form filled successfully.
2026-02-17 23:29:41,431 - src.scrapers.zitouna_scraper - INFO - Submitting form via Enter key...
2026-02-17 23:29:51,454 - src.scrapers.zitouna_scraper - WARNING - Submit (Enter) or wait failed: Page.wait_for_selector: Timeout 10000ms exceeded.
Call log:
  - waiting for locator(".simulator-result, #simulatorResult1, #simulatorResult2") to be visible
    24 × locator resolved to 3 elements. Proceeding with the first one: <div id="simulatorResult1" class="row simulator-result">…</div>

2026-02-17 23:29:53,456 - src.scrapers.zitouna_scraper - INFO - Extracting results...
2026-02-17 23:29:53,473 - main - INFO - Processing profile 477861d0-5970-4370-afca-cfabcfb7c984...
2026-02-17 23:29:53,473 - src.scrapers.zitouna_scraper - INFO - Navigating to https://www.banquezitouna.com/fr/particuliers/simulateur
2026-02-17 23:29:56,981 - src.scrapers.zitouna_scraper - INFO - Filling form for Zitouna (Financement Véhicule)...
2026-02-17 23:30:00,112 - src.scrapers.zitouna_scraper - INFO - Form filled successfully.
2026-02-17 23:30:00,112 - src.scrapers.zitouna_scraper - INFO - Submitting form via Enter key...
2026-02-17 23:30:10,140 - src.scrapers.zitouna_scraper - WARNING - Submit (Enter) or wait failed: Page.wait_for_selector: Timeout 10000ms exceeded.
Call log:
  - waiting for locator(".simulator-result, #simulatorResult1, #simulatorResult2") to be visible
    24 × locator resolved to 3 elements. Proceeding with the first one: <div id="simulatorResult1" class="row simulator-result">…</div>

2026-02-17 23:30:12,156 - src.scrapers.zitouna_scraper - INFO - Extracting results...
2026-02-17 23:30:12,310 - main - INFO - Processing profile e94f971d-0eea-4cef-9112-4fdfaeb04cfe...
2026-02-17 23:30:12,310 - src.scrapers.zitouna_scraper - INFO - Navigating to https://www.banquezitouna.com/fr/particuliers/simulateur
2026-02-17 23:30:15,710 - src.scrapers.zitouna_scraper - INFO - Filling form for Zitouna (Financement Véhicule)...
2026-02-17 23:30:18,864 - src.scrapers.zitouna_scraper - INFO - Form filled successfully.
2026-02-17 23:30:18,864 - src.scrapers.zitouna_scraper - INFO - Submitting form via Enter key...
2026-02-17 23:30:28,881 - src.scrapers.zitouna_scraper - WARNING - Submit (Enter) or wait failed: Page.wait_for_selector: Timeout 10000ms exceeded.
Call log:
  - waiting for locator(".simulator-result, #simulatorResult1, #simulatorResult2") to be visible
    24 × locator resolved to 3 elements. Proceeding with the first one: <div id="simulatorResult1" class="row simulator-result">…</div>

2026-02-17 23:30:30,899 - src.scrapers.zitouna_scraper - INFO - Extracting results...
2026-02-17 23:30:30,911 - main - INFO - Processing profile dfb4425a-95df-41f7-a3fd-0a22c9c8e8c8...
2026-02-17 23:30:30,911 - src.scrapers.zitouna_scraper - INFO - Navigating to https://www.banquezitouna.com/fr/particuliers/simulateur
2026-02-17 23:30:33,909 - src.scrapers.zitouna_scraper - INFO - Filling form for Zitouna (Financement Véhicule)...
2026-02-17 23:30:37,041 - src.scrapers.zitouna_scraper - INFO - Form filled successfully.
2026-02-17 23:30:37,041 - src.scrapers.zitouna_scraper - INFO - Submitting form via Enter key...
2026-02-17 23:30:47,055 - src.scrapers.zitouna_scraper - WARNING - Submit (Enter) or wait failed: Page.wait_for_selector: Timeout 10000ms exceeded.
Call log:
  - waiting for locator(".simulator-result, #simulatorResult1, #simulatorResult2") to be visible
    24 × locator resolved to 3 elements. Proceeding with the first one: <div id="simulatorResult1" class="row simulator-result">…</div>

2026-02-17 23:30:49,061 - src.scrapers.zitouna_scraper - INFO - Extracting results...
2026-02-17 23:30:49,078 - main - INFO - Processing profile f0d1ddef-2a3e-4b7e-815e-1740a77d3ed6...
2026-02-17 23:30:49,078 - src.scrapers.zitouna_scraper - INFO - Navigating to https://www.banquezitouna.com/fr/particuliers/simulateur
2026-02-17 23:30:52,610 - src.scrapers.zitouna_scraper - INFO - Filling form for Zitouna (Financement Véhicule)...
2026-02-17 23:30:55,756 - src.scrapers.zitouna_scraper - INFO - Form filled successfully.
2026-02-17 23:30:55,756 - src.scrapers.zitouna_scraper - INFO - Submitting form via Enter key...
2026-02-17 23:31:05,781 - src.scrapers.zitouna_scraper - WARNING - Submit (Enter) or wait failed: Page.wait_for_selector: Timeout 10000ms exceeded.
Call log:
  - waiting for locator(".simulator-result, #simulatorResult1, #simulatorResult2") to be visible
    24 × locator resolved to 3 elements. Proceeding with the first one: <div id="simulatorResult1" class="row simulator-result">…</div>

2026-02-17 23:31:07,788 - src.scrapers.zitouna_scraper - INFO - Extracting results...
2026-02-17 23:31:07,827 - main - INFO - Processing profile b421df6b-b2d9-4e04-8fc7-8d2435de6efb...
2026-02-17 23:31:07,828 - src.scrapers.zitouna_scraper - INFO - Navigating to https://www.banquezitouna.com/fr/particuliers/simulateur
2026-02-17 23:31:11,450 - src.scrapers.zitouna_scraper - INFO - Filling form for Zitouna (Financement Véhicule)...
2026-02-17 23:31:14,892 - src.scrapers.zitouna_scraper - INFO - Form filled successfully.
2026-02-17 23:31:14,892 - src.scrapers.zitouna_scraper - INFO - Submitting form via Enter key...
2026-02-17 23:31:25,053 - src.scrapers.zitouna_scraper - WARNING - Submit (Enter) or wait failed: Page.wait_for_selector: Timeout 10000ms exceeded.
Call log:
  - waiting for locator(".simulator-result, #simulatorResult1, #simulatorResult2") to be visible
    24 × locator resolved to 3 elements. Proceeding with the first one: <div id="simulatorResult1" class="row simulator-result">…</div>

2026-02-17 23:31:27,074 - src.scrapers.zitouna_scraper - INFO - Extracting results...
2026-02-17 23:31:29,203 - src.database.db_manager - INFO - Database connection closed.
2026-02-17 23:31:29,337 - main - INFO - ========================================
2026-02-17 23:31:29,337 - main - INFO - Execution Completed.
2026-02-17 23:31:29,337 - main - INFO - Total Profiles Generated: 10
2026-02-17 23:31:29,337 - main - INFO - Processed: 10
2026-02-17 23:31:29,337 - main - INFO - Successful Logged: 10
2026-02-17 23:31:29,338 - main - INFO - Errors/Skipped: 0
2026-02-17 23:31:29,338 - main - INFO - ========================================
