2026-02-17 23:29:06,480 - main - INFO - Starting Credit Eligibility Tool - Phase 1
2026-02-17 23:29:06,513 - src.database.db_manager - INFO - Connected to Database
2026-02-17 23:29:06,514 - src.database.db_manager - INFO - Table 'scoring_logs' checked/created.
2026-02-17 23:29:06,611 - src.generators.profile_generator - INFO - Generating 10 profiles...
2026-02-17 23:29:06,615 - src.generators.profile_generator - INFO - Profiles saved to data/profiles_batch_1.csv
2026-02-17 23:29:06,615 - main - INFO - Starting scraping process...
2026-02-17 23:29:07,735 - main - INFO - Processing profile 3001f74e-c4c3-4214-b470-8ae30a70f707...
2026-02-17 23:29:07,735 - src.scrapers.zitouna_scraper - INFO - Navigating to https://www.banquezitouna.com/fr/particuliers/simulateur
2026-02-17 23:29:13,177 - src.scrapers.zitouna_scraper - INFO - Filling form for Zitouna (Financement Véhicule)...
2026-02-17 23:29:16,463 - src.scrapers.zitouna_scraper - INFO - Form filled successfully.
2026-02-17 23:29:16,463 - src.scrapers.zitouna_scraper - INFO - Submitting form via JS Submit...
2026-02-17 23:29:26,481 - src.scrapers.zitouna_scraper - WARNING - JS Submit or wait failed: Page.wait_for_selector: Timeout 10000ms exceeded.
Call log:
  - waiting for locator(".simulator-result, #simulatorResult1, #simulatorResult2") to be visible
    - waiting for navigation to finish...
    - navigated to "https://www.banquezitouna.com/fr/recherche?search_api_fulltext="

2026-02-17 23:29:28,493 - src.scrapers.zitouna_scraper - INFO - Extracting results...
2026-02-17 23:29:28,520 - main - INFO - Processing profile e53a1746-2df7-4702-997a-996507351e8b...
2026-02-17 23:29:28,520 - src.scrapers.zitouna_scraper - INFO - Navigating to https://www.banquezitouna.com/fr/particuliers/simulateur
2026-02-17 23:29:31,924 - src.scrapers.zitouna_scraper - INFO - Filling form for Zitouna (Financement Véhicule)...
2026-02-17 23:29:35,097 - src.scrapers.zitouna_scraper - INFO - Form filled successfully.
2026-02-17 23:29:35,097 - src.scrapers.zitouna_scraper - INFO - Submitting form via JS Submit...
2026-02-17 23:29:45,111 - src.scrapers.zitouna_scraper - WARNING - JS Submit or wait failed: Page.wait_for_selector: Timeout 10000ms exceeded.
Call log:
  - waiting for locator(".simulator-result, #simulatorResult1, #simulatorResult2") to be visible
    - waiting for" https://www.banquezitouna.com/fr/recherche?search_api_fulltext=" navigation to finish...
    - navigated to "https://www.banquezitouna.com/fr/recherche?search_api_fulltext="

2026-02-17 23:29:47,127 - src.scrapers.zitouna_scraper - INFO - Extracting results...
2026-02-17 23:29:47,140 - main - INFO - Processing profile c5d60b7a-2414-4d4f-8d03-407bfbacc64a...
2026-02-17 23:29:47,141 - src.scrapers.zitouna_scraper - INFO - Navigating to https://www.banquezitouna.com/fr/particuliers/simulateur
2026-02-17 23:29:50,643 - src.scrapers.zitouna_scraper - INFO - Filling form for Zitouna (Financement Véhicule)...
2026-02-17 23:29:53,802 - src.scrapers.zitouna_scraper - INFO - Form filled successfully.
2026-02-17 23:29:53,802 - src.scrapers.zitouna_scraper - INFO - Submitting form via JS Submit...
2026-02-17 23:30:03,812 - src.scrapers.zitouna_scraper - WARNING - JS Submit or wait failed: Page.wait_for_selector: Timeout 10000ms exceeded.
Call log:
  - waiting for locator(".simulator-result, #simulatorResult1, #simulatorResult2") to be visible
    - waiting for" https://www.banquezitouna.com/fr/recherche?search_api_fulltext=" navigation to finish...
    - navigated to "https://www.banquezitouna.com/fr/recherche?search_api_fulltext="

2026-02-17 23:30:05,819 - src.scrapers.zitouna_scraper - INFO - Extracting results...
2026-02-17 23:30:05,899 - main - INFO - Processing profile 03a4fe1c-9de4-4c80-989f-e94ccc179d70...
2026-02-17 23:30:05,901 - src.scrapers.zitouna_scraper - INFO - Navigating to https://www.banquezitouna.com/fr/particuliers/simulateur
2026-02-17 23:30:10,748 - src.scrapers.zitouna_scraper - INFO - Filling form for Zitouna (Financement Véhicule)...
2026-02-17 23:30:13,905 - src.scrapers.zitouna_scraper - INFO - Form filled successfully.
2026-02-17 23:30:13,905 - src.scrapers.zitouna_scraper - INFO - Submitting form via JS Submit...
2026-02-17 23:30:23,920 - src.scrapers.zitouna_scraper - WARNING - JS Submit or wait failed: Page.wait_for_selector: Timeout 10000ms exceeded.
Call log:
  - waiting for locator(".simulator-result, #simulatorResult1, #simulatorResult2") to be visible
    - waiting for" https://www.banquezitouna.com/fr/recherche?search_api_fulltext=" navigation to finish...
    - navigated to "https://www.banquezitouna.com/fr/recherche?search_api_fulltext="

2026-02-17 23:30:25,925 - src.scrapers.zitouna_scraper - INFO - Extracting results...
2026-02-17 23:30:25,936 - main - INFO - Processing profile 5dd35096-0745-4d5b-815f-3962175e3345...
2026-02-17 23:30:25,936 - src.scrapers.zitouna_scraper - INFO - Navigating to https://www.banquezitouna.com/fr/particuliers/simulateur
2026-02-17 23:30:29,648 - src.scrapers.zitouna_scraper - INFO - Filling form for Zitouna (Financement Véhicule)...
2026-02-17 23:30:32,810 - src.scrapers.zitouna_scraper - INFO - Form filled successfully.
2026-02-17 23:30:32,810 - src.scrapers.zitouna_scraper - INFO - Submitting form via JS Submit...
2026-02-17 23:30:42,822 - src.scrapers.zitouna_scraper - WARNING - JS Submit or wait failed: Page.wait_for_selector: Timeout 10000ms exceeded.
Call log:
  - waiting for locator(".simulator-result, #simulatorResult1, #simulatorResult2") to be visible
    - waiting for" https://www.banquezitouna.com/fr/recherche?search_api_fulltext=" navigation to finish...
    - navigated to "https://www.banquezitouna.com/fr/recherche?search_api_fulltext="

2026-02-17 23:30:44,833 - src.scrapers.zitouna_scraper - INFO - Extracting results...
2026-02-17 23:30:44,847 - main - INFO - Processing profile 26c3c276-04b3-4299-a5af-97c1cd26f4fc...
2026-02-17 23:30:44,847 - src.scrapers.zitouna_scraper - INFO - Navigating to https://www.banquezitouna.com/fr/particuliers/simulateur
2026-02-17 23:30:47,713 - src.scrapers.zitouna_scraper - INFO - Filling form for Zitouna (Financement Véhicule)...
2026-02-17 23:30:50,954 - src.scrapers.zitouna_scraper - INFO - Form filled successfully.
2026-02-17 23:30:50,954 - src.scrapers.zitouna_scraper - INFO - Submitting form via JS Submit...
2026-02-17 23:31:00,962 - src.scrapers.zitouna_scraper - WARNING - JS Submit or wait failed: Page.wait_for_selector: Timeout 10000ms exceeded.
Call log:
  - waiting for locator(".simulator-result, #simulatorResult1, #simulatorResult2") to be visible
    - waiting for" https://www.banquezitouna.com/fr/recherche?search_api_fulltext=" navigation to finish...
    - navigated to "https://www.banquezitouna.com/fr/recherche?search_api_fulltext="

2026-02-17 23:31:02,969 - src.scrapers.zitouna_scraper - INFO - Extracting results...
2026-02-17 23:31:02,986 - main - INFO - Processing profile dc1bb438-74ee-410a-8e10-b5a0ea01616b...
2026-02-17 23:31:02,986 - src.scrapers.zitouna_scraper - INFO - Navigating to https://www.banquezitouna.com/fr/particuliers/simulateur
2026-02-17 23:31:06,253 - src.scrapers.zitouna_scraper - INFO - Filling form for Zitouna (Financement Véhicule)...
2026-02-17 23:31:09,625 - src.scrapers.zitouna_scraper - INFO - Form filled successfully.
2026-02-17 23:31:09,625 - src.scrapers.zitouna_scraper - INFO - Submitting form via JS Submit...
2026-02-17 23:31:19,643 - src.scrapers.zitouna_scraper - WARNING - JS Submit or wait failed: Page.wait_for_selector: Timeout 10000ms exceeded.
Call log:
  - waiting for locator(".simulator-result, #simulatorResult1, #simulatorResult2") to be visible
    - waiting for navigation to finish...
    - navigated to "https://www.banquezitouna.com/fr/recherche?search_api_fulltext="

2026-02-17 23:31:21,777 - src.scrapers.zitouna_scraper - INFO - Extracting results...
2026-02-17 23:31:21,831 - main - INFO - Processing profile b6dc5d74-684e-4837-8cee-4552978c86a0...
2026-02-17 23:31:21,831 - src.scrapers.zitouna_scraper - INFO - Navigating to https://www.banquezitouna.com/fr/particuliers/simulateur
2026-02-17 23:31:25,265 - src.scrapers.zitouna_scraper - INFO - Filling form for Zitouna (Financement Véhicule)...
2026-02-17 23:31:28,543 - src.scrapers.zitouna_scraper - INFO - Form filled successfully.
2026-02-17 23:31:28,543 - src.scrapers.zitouna_scraper - INFO - Submitting form via JS Submit...
2026-02-17 23:31:38,568 - src.scrapers.zitouna_scraper - WARNING - JS Submit or wait failed: Page.wait_for_selector: Timeout 10000ms exceeded.
Call log:
  - waiting for locator(".simulator-result, #simulatorResult1, #simulatorResult2") to be visible
    - waiting for navigation to finish...
    - navigated to "https://www.banquezitouna.com/fr/recherche?search_api_fulltext="

2026-02-17 23:31:40,578 - src.scrapers.zitouna_scraper - INFO - Extracting results...
2026-02-17 23:31:40,617 - main - INFO - Processing profile 507696b7-a3a2-4d63-8562-d6066f0f66b7...
2026-02-17 23:31:40,618 - src.scrapers.zitouna_scraper - INFO - Navigating to https://www.banquezitouna.com/fr/particuliers/simulateur
2026-02-17 23:31:45,993 - src.scrapers.zitouna_scraper - INFO - Filling form for Zitouna (Financement Véhicule)...
2026-02-17 23:31:49,136 - src.scrapers.zitouna_scraper - INFO - Form filled successfully.
2026-02-17 23:31:49,136 - src.scrapers.zitouna_scraper - INFO - Submitting form via JS Submit...
2026-02-17 23:31:59,146 - src.scrapers.zitouna_scraper - WARNING - JS Submit or wait failed: Page.wait_for_selector: Timeout 10000ms exceeded.
Call log:
  - waiting for locator(".simulator-result, #simulatorResult1, #simulatorResult2") to be visible
    - waiting for" https://www.banquezitouna.com/fr/recherche?search_api_fulltext=" navigation to finish...
    - navigated to "https://www.banquezitouna.com/fr/recherche?search_api_fulltext="

2026-02-17 23:32:01,153 - src.scrapers.zitouna_scraper - INFO - Extracting results...
2026-02-17 23:32:01,173 - main - INFO - Processing profile 3f667e67-2868-454b-8b26-70ec7014f947...
2026-02-17 23:32:01,175 - src.scrapers.zitouna_scraper - INFO - Navigating to https://www.banquezitouna.com/fr/particuliers/simulateur
2026-02-17 23:32:04,410 - src.scrapers.zitouna_scraper - INFO - Filling form for Zitouna (Financement Véhicule)...
2026-02-17 23:32:07,557 - src.scrapers.zitouna_scraper - INFO - Form filled successfully.
2026-02-17 23:32:07,557 - src.scrapers.zitouna_scraper - INFO - Submitting form via JS Submit...
2026-02-17 23:32:17,571 - src.scrapers.zitouna_scraper - WARNING - JS Submit or wait failed: Page.wait_for_selector: Timeout 10000ms exceeded.
Call log:
  - waiting for locator(".simulator-result, #simulatorResult1, #simulatorResult2") to be visible
    - waiting for" https://www.banquezitouna.com/fr/recherche?search_api_fulltext=" navigation to finish...
    - navigated to "https://www.banquezitouna.com/fr/recherche?search_api_fulltext="

2026-02-17 23:32:19,576 - src.scrapers.zitouna_scraper - INFO - Extracting results...
2026-02-17 23:32:20,618 - src.database.db_manager - INFO - Database connection closed.
2026-02-17 23:32:20,670 - main - INFO - ========================================
2026-02-17 23:32:20,670 - main - INFO - Execution Completed.
2026-02-17 23:32:20,671 - main - INFO - Total Profiles Generated: 10
2026-02-17 23:32:20,671 - main - INFO - Processed: 10
2026-02-17 23:32:20,671 - main - INFO - Successful Logged: 10
2026-02-17 23:32:20,671 - main - INFO - Errors/Skipped: 0
2026-02-17 23:32:20,671 - main - INFO - ========================================
